Using pre-set license
Built from '2020.3/staging' branch; Version is '2020.3.28f1 (f5400f52e03f) revision 16072719'; Using compiler version '192528614'; Build Type 'Release'
OS: 'Windows 7  (6.1.0) 64bit HomePremium' Language: 'ko' Physical Memory: 3946 MB
BatchMode: 1, IsHumanControllingUs: 0, StartBugReporterOnCrash: 0, Is64bit: 1, IsPro: 0

COMMAND LINE ARGUMENTS:
C:\Program Files\Unity\Hub\Editor\2020.3.28f1\Editor\Unity.exe
-adb2
-batchMode
-noUpm
-name
AssetImportWorker0
-projectPath
E:/stud/GitHub/GitHubDesktop/20220527_Zom_srKang_ZomWoman/ZombieWoman/zombie_woman
-logFile
Logs/AssetImportWorker0.log
-srvPort
55819
Successfully changed project path to: E:/stud/GitHub/GitHubDesktop/20220527_Zom_srKang_ZomWoman/ZombieWoman/zombie_woman
E:/stud/GitHub/GitHubDesktop/20220527_Zom_srKang_ZomWoman/ZombieWoman/zombie_woman
Using Asset Import Pipeline V2.
Refreshing native plugins compatible for Editor in 70.48 ms, found 2 plugins.
Preloading 0 native plugins for Editor in 0.00 ms.
Initialize engine version: 2020.3.28f1 (f5400f52e03f)
[Subsystems] Discovering subsystems at path C:/Program Files/Unity/Hub/Editor/2020.3.28f1/Editor/Data/Resources/UnitySubsystems
[Subsystems] Discovering subsystems at path E:/stud/GitHub/GitHubDesktop/20220527_Zom_srKang_ZomWoman/ZombieWoman/zombie_woman/Assets
GfxDevice: creating device client; threaded=0
GLContext: failed to create context: 작업을 완료했습니다.

Assertion failed on expression: 'gMasterGraphicsContext.IsValid()'
GfxDevice: creating device client; threaded=0
d3d11: CreateDXGIFactory2(...) not found, fallbacking to CreateDXGIFactory1(...).
d3d11: QueryInterface(IDXGIFactory5) failed (80004002).
Direct3D:
    Version:  Direct3D 11.0 [level 10.1]
    Renderer: ATI Mobility Radeon HD 4500 Series (ID=0x9553)
    Vendor:   
    VRAM:     1364 MB
    Driver:   8.632.1.2000
Initialize mono
Mono path[0] = 'C:/Program Files/Unity/Hub/Editor/2020.3.28f1/Editor/Data/Managed'
Mono path[1] = 'C:/Program Files/Unity/Hub/Editor/2020.3.28f1/Editor/Data/MonoBleedingEdge/lib/mono/unityjit'
Mono config path = 'C:/Program Files/Unity/Hub/Editor/2020.3.28f1/Editor/Data/MonoBleedingEdge/etc'
Using monoOptions --debugger-agent=transport=dt_socket,embedding=1,server=y,suspend=n,address=127.0.0.1:56424
Begin MonoManager ReloadAssembly
Registering precompiled unity dll's ...
Register platform support module: C:/Program Files/Unity/Hub/Editor/2020.3.28f1/Editor/Data/PlaybackEngines/WindowsStandaloneSupport/UnityEditor.WindowsStandalone.Extensions.dll
Registered in 0.003301 seconds.
Native extension for WindowsStandalone target not found
Refreshing native plugins compatible for Editor in 72.82 ms, found 2 plugins.
Preloading 0 native plugins for Editor in 0.00 ms.
Mono: successfully reloaded assembly
- Completed reload, in  1.246 seconds
Domain Reload Profiling:
	ReloadAssembly (1246ms)
		BeginReloadAssembly (137ms)
			ExecutionOrderSort (0ms)
			DisableScriptedObjects (0ms)
			BackupInstance (0ms)
			ReleaseScriptingObjects (0ms)
			CreateAndSetChildDomain (2ms)
		EndReloadAssembly (961ms)
			LoadAssemblies (133ms)
			RebuildTransferFunctionScriptingTraits (0ms)
			SetupTypeCache (322ms)
			ReleaseScriptCaches (0ms)
			RebuildScriptCaches (59ms)
			SetupLoadedEditorAssemblies (351ms)
				LogAssemblyErrors (0ms)
				InitializePlatformSupportModulesInManaged (8ms)
				SetLoadedEditorAssemblies (0ms)
				RefreshPlugins (73ms)
				BeforeProcessingInitializeOnLoad (27ms)
				ProcessInitializeOnLoadAttributes (186ms)
				ProcessInitializeOnLoadMethodAttributes (56ms)
				AfterProcessingInitializeOnLoad (0ms)
				EditorAssembliesLoaded (0ms)
			ExecutionOrderSort2 (0ms)
			AwakeInstancesAfterBackupRestoration (0ms)
Platform modules already initialized, skipping
Registering precompiled user dll's ...
Registered in 0.005088 seconds.
Begin MonoManager ReloadAssembly
Native extension for WindowsStandalone target not found
Refreshing native plugins compatible for Editor in 0.82 ms, found 2 plugins.
Preloading 0 native plugins for Editor in 0.00 ms.
Mono: successfully reloaded assembly
- Completed reload, in  1.969 seconds
Domain Reload Profiling:
	ReloadAssembly (1970ms)
		BeginReloadAssembly (290ms)
			ExecutionOrderSort (0ms)
			DisableScriptedObjects (10ms)
			BackupInstance (0ms)
			ReleaseScriptingObjects (0ms)
			CreateAndSetChildDomain (30ms)
		EndReloadAssembly (1567ms)
			LoadAssemblies (201ms)
			RebuildTransferFunctionScriptingTraits (0ms)
			SetupTypeCache (538ms)
			ReleaseScriptCaches (1ms)
			RebuildScriptCaches (88ms)
			SetupLoadedEditorAssemblies (589ms)
				LogAssemblyErrors (0ms)
				InitializePlatformSupportModulesInManaged (8ms)
				SetLoadedEditorAssemblies (1ms)
				RefreshPlugins (1ms)
				BeforeProcessingInitializeOnLoad (171ms)
				ProcessInitializeOnLoadAttributes (377ms)
				ProcessInitializeOnLoadMethodAttributes (19ms)
				AfterProcessingInitializeOnLoad (12ms)
				EditorAssembliesLoaded (0ms)
			ExecutionOrderSort2 (0ms)
			AwakeInstancesAfterBackupRestoration (13ms)
Platform modules already initialized, skipping
========================================================================
Worker process is ready to serve import requests
Launched and connected shader compiler UnityShaderCompiler.exe after 0.04 seconds
Refreshing native plugins compatible for Editor in 0.83 ms, found 2 plugins.
Preloading 0 native plugins for Editor in 0.00 ms.
Unloading 1534 Unused Serialized files (Serialized files now loaded: 0)
System memory in use before: 147.5 MB.
System memory in use after: 147.6 MB.

Unloading 19 unused Assets to reduce memory usage. Loaded Objects now: 1974.
Total: 5.419865 ms (FindLiveObjects: 0.283945 ms CreateObjectMapping: 0.113216 ms MarkObjects: 4.899978 ms  DeleteObjects: 0.120914 ms)

AssetImportParameters requested are different than current active one (requested -> active):
  custom:framework-win-MediaFoundation: 216162199b28c13a410421893ffa2e32 -> 
  custom:video-decoder-ogg-theora: a1e56fd34408186e4bbccfd4996cb3dc -> 
  custom:container-muxer-webm: aa71ff27fc2769a1b78a27578f13a17b -> 
  custom:container-demuxer-webm: 4f35f7cbe854078d1ac9338744f61a02 -> 
  custom:container-demuxer-ogg: 62fdf1f143b41e24485cea50d1cbac27 -> 
  custom:video-encoder-webm-vp8: eb34c28f22e8b96e1ab97ce403110664 -> 
  custom:video-decoder-webm-vp8: 9c59270c3fd7afecdb556c50c9e8de78 -> 
  custom:audio-decoder-ogg-vorbis: bf7c407c2cedff20999df2af8eb42d56 -> 
  custom:audio-encoder-webm-vorbis: bf7c407c2cedff20999df2af8eb42d56 -> 
========================================================================
Received Import Request.
  path: Assets/Models/zombiegirl_w_.fbx
  artifactKey: Guid(2f596e2518cd2444ea0e2a61fb1f0502) Importer(815301076,1909f56bfc062723c751e8b465ee728b)
Start importing Assets/Models/zombiegirl_w_.fbx using Guid(2f596e2518cd2444ea0e2a61fb1f0502) Importer(815301076,1909f56bfc062723c751e8b465ee728b)  -> (artifact id: '313ecd10dbe3967f9528f4050b0a5a4f') in 0.406621 seconds 
  Import took 0.432241 seconds .

========================================================================
Received Import Request.
  Time since last request: 10.428184 seconds.
  path: Assets/Models/zombiegirl_w_boss.fbx
  artifactKey: Guid(20373b27b890a9845807a98b7feb37ce) Importer(815301076,1909f56bfc062723c751e8b465ee728b)
Start importing Assets/Models/zombiegirl_w_boss.fbx using Guid(20373b27b890a9845807a98b7feb37ce) Importer(815301076,1909f56bfc062723c751e8b465ee728b)  -> (artifact id: '6096952dcc5eac254e1a3abce5bfd1b4') in 0.158371 seconds 
  Import took 0.164064 seconds .

========================================================================
Received Import Request.
  Time since last request: 5.707900 seconds.
  path: Assets/Models/zombiegirl_w_boss.fbx
  artifactKey: Guid(20373b27b890a9845807a98b7feb37ce) Importer(815301076,1909f56bfc062723c751e8b465ee728b)
Start importing Assets/Models/zombiegirl_w_boss.fbx using Guid(20373b27b890a9845807a98b7feb37ce) Importer(815301076,1909f56bfc062723c751e8b465ee728b)  -> (artifact id: 'bd1786113bebd74a60d340ea433a46a1') in 0.119340 seconds 
  Import took 0.125921 seconds .

========================================================================
Received Import Request.
  Time since last request: 13.990452 seconds.
  path: Assets/Models/zombiegirl_w_kurniawan@Zombie Headbutt 3.fbx
  artifactKey: Guid(59238eff55bacd54ca3dff89f0322e23) Importer(815301076,1909f56bfc062723c751e8b465ee728b)
Start importing Assets/Models/zombiegirl_w_kurniawan@Zombie Headbutt 3.fbx using Guid(59238eff55bacd54ca3dff89f0322e23) Importer(815301076,1909f56bfc062723c751e8b465ee728b)  -> (artifact id: '3781a0cf4aeef3aeb880c84161d7b013') in 0.126245 seconds 
  Import took 0.133151 seconds .

========================================================================
Received Import Request.
  Time since last request: 4.817930 seconds.
  path: Assets/Models/zombiegirl_w_kurniawan@Zombie Headbutt 3.fbx
  artifactKey: Guid(59238eff55bacd54ca3dff89f0322e23) Importer(815301076,1909f56bfc062723c751e8b465ee728b)
Start importing Assets/Models/zombiegirl_w_kurniawan@Zombie Headbutt 3.fbx using Guid(59238eff55bacd54ca3dff89f0322e23) Importer(815301076,1909f56bfc062723c751e8b465ee728b)  -> (artifact id: 'e08497916823b4889be39af5a3352ea4') in 0.149727 seconds 
  Import took 0.155487 seconds .

========================================================================
Received Prepare
Registering precompiled user dll's ...
Registered in 0.006320 seconds.
Begin MonoManager ReloadAssembly
Native extension for WindowsStandalone target not found
Refreshing native plugins compatible for Editor in 0.86 ms, found 2 plugins.
Preloading 0 native plugins for Editor in 0.00 ms.
Mono: successfully reloaded assembly
- Completed reload, in  2.039 seconds
Domain Reload Profiling:
	ReloadAssembly (2040ms)
		BeginReloadAssembly (211ms)
			ExecutionOrderSort (0ms)
			DisableScriptedObjects (9ms)
			BackupInstance (0ms)
			ReleaseScriptingObjects (0ms)
			CreateAndSetChildDomain (53ms)
		EndReloadAssembly (1712ms)
			LoadAssemblies (215ms)
			RebuildTransferFunctionScriptingTraits (0ms)
			SetupTypeCache (547ms)
			ReleaseScriptCaches (2ms)
			RebuildScriptCaches (79ms)
			SetupLoadedEditorAssemblies (705ms)
				LogAssemblyErrors (0ms)
				InitializePlatformSupportModulesInManaged (9ms)
				SetLoadedEditorAssemblies (1ms)
				RefreshPlugins (1ms)
				BeforeProcessingInitializeOnLoad (218ms)
				ProcessInitializeOnLoadAttributes (445ms)
				ProcessInitializeOnLoadMethodAttributes (18ms)
				AfterProcessingInitializeOnLoad (12ms)
				EditorAssembliesLoaded (1ms)
			ExecutionOrderSort2 (0ms)
			AwakeInstancesAfterBackupRestoration (15ms)
Platform modules already initialized, skipping
Refreshing native plugins compatible for Editor in 0.83 ms, found 2 plugins.
Preloading 0 native plugins for Editor in 0.00 ms.
Unloading 1515 Unused Serialized files (Serialized files now loaded: 0)
System memory in use before: 149.6 MB.
System memory in use after: 149.7 MB.

Unloading 14 unused Assets to reduce memory usage. Loaded Objects now: 2019.
Total: 5.380919 ms (FindLiveObjects: 0.299342 ms CreateObjectMapping: 0.119556 ms MarkObjects: 4.922169 ms  DeleteObjects: 0.037135 ms)

AssetImportParameters requested are different than current active one (requested -> active):
  custom:framework-win-MediaFoundation: 216162199b28c13a410421893ffa2e32 -> 
  custom:video-decoder-ogg-theora: a1e56fd34408186e4bbccfd4996cb3dc -> 
  custom:container-muxer-webm: aa71ff27fc2769a1b78a27578f13a17b -> 
  custom:container-demuxer-webm: 4f35f7cbe854078d1ac9338744f61a02 -> 
  custom:container-demuxer-ogg: 62fdf1f143b41e24485cea50d1cbac27 -> 
  custom:video-encoder-webm-vp8: eb34c28f22e8b96e1ab97ce403110664 -> 
  custom:video-decoder-webm-vp8: 9c59270c3fd7afecdb556c50c9e8de78 -> 
  custom:audio-decoder-ogg-vorbis: bf7c407c2cedff20999df2af8eb42d56 -> 
  custom:audio-encoder-webm-vorbis: bf7c407c2cedff20999df2af8eb42d56 -> 
AssetImportWorkerClient::OnTransportError - code=2 error=End of file
